# JRE version: Java(TM) SE Runtime Environment (8.0_45-b15) (build 1.8.0_45-b15)
# Java VM: Java HotSpot(TM) 64-Bit Server VM (25.45-b02 mixed mode windows-amd64 compressed oops)
Heap:
 PSYoungGen      total 329216K, used 161038K [0x00000000eab00000, 0x00000000fff00000, 0x0000000100000000)
  eden space 310272K, 47% used [0x00000000eab00000,0x00000000f3bd41f0,0x00000000fda00000)
  from space 18944K, 67% used [0x00000000fec80000,0x00000000ff8ef6a0,0x00000000fff00000)
  to   space 18944K, 0% used [0x00000000fda00000,0x00000000fda00000,0x00000000fec80000)
 ParOldGen       total 87552K, used 40767K [0x00000000c0000000, 0x00000000c5580000, 0x00000000eab00000)
  object space 87552K, 46% used [0x00000000c0000000,0x00000000c27cff00,0x00000000c5580000)
 Metaspace       used 7742K, capacity 8254K, committed 8448K, reserved 1056768K
  class space    used 712K, capacity 753K, committed 768K, reserved 1048576K
GC Heap History (10 events):
Event: 7.367 GC heap before
{Heap before GC invocations=3 (full 0):
 PSYoungGen      total 71680K, used 71563K [0x00000000eab00000, 0x00000000ef600000, 0x0000000100000000)
  eden space 66560K, 99% used [0x00000000eab00000,0x00000000eebe6118,0x00000000eec00000)
  from space 5120K, 99% used [0x00000000ef100000,0x00000000ef5fcc70,0x00000000ef600000)
  to   space 5120K, 0% used [0x00000000eec00000,0x00000000eec00000,0x00000000ef100000)
 ParOldGen       total 87552K, used 8611K [0x00000000c0000000, 0x00000000c5580000, 0x00000000eab00000)
  object space 87552K, 9% used [0x00000000c0000000,0x00000000c0868f50,0x00000000c5580000)
 Metaspace       used 5876K, capacity 7088K, committed 7296K, reserved 1056768K
  class space    used 552K, capacity 616K, committed 640K, reserved 1048576K
Event: 7.478 GC heap after
Heap after GC invocations=3 (full 0):
 PSYoungGen      total 71680K, used 5094K [0x00000000eab00000, 0x00000000f3700000, 0x0000000100000000)
  eden space 66560K, 0% used [0x00000000eab00000,0x00000000eab00000,0x00000000eec00000)
  from space 5120K, 99% used [0x00000000eec00000,0x00000000ef0f9828,0x00000000ef100000)
  to   space 5120K, 0% used [0x00000000f3200000,0x00000000f3200000,0x00000000f3700000)
 ParOldGen       total 87552K, used 20157K [0x00000000c0000000, 0x00000000c5580000, 0x00000000eab00000)
  object space 87552K, 23% used [0x00000000c0000000,0x00000000c13af488,0x00000000c5580000)
 Metaspace       used 5876K, capacity 7088K, committed 7296K, reserved 1056768K
  class space    used 552K, capacity 616K, committed 640K, reserved 1048576K
}
Event: 10.638 GC heap before
{Heap before GC invocations=4 (full 0):
 PSYoungGen      total 71680K, used 71654K [0x00000000eab00000, 0x00000000f3700000, 0x0000000100000000)
  eden space 66560K, 100% used [0x00000000eab00000,0x00000000eec00000,0x00000000eec00000)
  from space 5120K, 99% used [0x00000000eec00000,0x00000000ef0f9828,0x00000000ef100000)
  to   space 5120K, 0% used [0x00000000f3200000,0x00000000f3200000,0x00000000f3700000)
 ParOldGen       total 87552K, used 20157K [0x00000000c0000000, 0x00000000c5580000, 0x00000000eab00000)
  object space 87552K, 23% used [0x00000000c0000000,0x00000000c13af488,0x00000000c5580000)
 Metaspace       used 7544K, capacity 8248K, committed 8448K, reserved 1056768K
  class space    used 703K, capacity 752K, committed 768K, reserved 1048576K
Event: 10.702 GC heap after
Heap after GC invocations=4 (full 0):
 PSYoungGen      total 138240K, used 5106K [0x00000000eab00000, 0x00000000f3700000, 0x0000000100000000)
  eden space 133120K, 0% used [0x00000000eab00000,0x00000000eab00000,0x00000000f2d00000)
  from space 5120K, 99% used [0x00000000f3200000,0x00000000f36fcab0,0x00000000f3700000)
  to   space 5120K, 0% used [0x00000000f2d00000,0x00000000f2d00000,0x00000000f3200000)
 ParOldGen       total 87552K, used 28734K [0x00000000c0000000, 0x00000000c5580000, 0x00000000eab00000)
  object space 87552K, 32% used [0x00000000c0000000,0x00000000c1c0fbc8,0x00000000c5580000)
 Metaspace       used 7544K, capacity 8248K, committed 8448K, reserved 1056768K
  class space    used 703K, capacity 752K, committed 768K, reserved 1048576K
}
Event: 11.753 GC heap before
{Heap before GC invocations=5 (full 0):
 PSYoungGen      total 138240K, used 138226K [0x00000000eab00000, 0x00000000f3700000, 0x0000000100000000)
  eden space 133120K, 100% used [0x00000000eab00000,0x00000000f2d00000,0x00000000f2d00000)
  from space 5120K, 99% used [0x00000000f3200000,0x00000000f36fcab0,0x00000000f3700000)
  to   space 5120K, 0% used [0x00000000f2d00000,0x00000000f2d00000,0x00000000f3200000)
 ParOldGen       total 87552K, used 28734K [0x00000000c0000000, 0x00000000c5580000, 0x00000000eab00000)
  object space 87552K, 32% used [0x00000000c0000000,0x00000000c1c0fbc8,0x00000000c5580000)
 Metaspace       used 7679K, capacity 8254K, committed 8448K, reserved 1056768K
  class space    used 712K, capacity 753K, committed 768K, reserved 1048576K
Event: 11.776 GC heap after
Heap after GC invocations=5 (full 0):
 PSYoungGen      total 138240K, used 5106K [0x00000000eab00000, 0x00000000fd200000, 0x0000000100000000)
  eden space 133120K, 0% used [0x00000000eab00000,0x00000000eab00000,0x00000000f2d00000)
  from space 5120K, 99% used [0x00000000f2d00000,0x00000000f31fca88,0x00000000f3200000)
  to   space 17920K, 0% used [0x00000000fc080000,0x00000000fc080000,0x00000000fd200000)
 ParOldGen       total 87552K, used 32160K [0x00000000c0000000, 0x00000000c5580000, 0x00000000eab00000)
  object space 87552K, 36% used [0x00000000c0000000,0x00000000c1f68198,0x00000000c5580000)
 Metaspace       used 7679K, capacity 8254K, committed 8448K, reserved 1056768K
  class space    used 712K, capacity 753K, committed 768K, reserved 1048576K
}
Event: 12.543 GC heap before
{Heap before GC invocations=6 (full 0):
 PSYoungGen      total 138240K, used 138226K [0x00000000eab00000, 0x00000000fd200000, 0x0000000100000000)
  eden space 133120K, 100% used [0x00000000eab00000,0x00000000f2d00000,0x00000000f2d00000)
  from space 5120K, 99% used [0x00000000f2d00000,0x00000000f31fca88,0x00000000f3200000)
  to   space 17920K, 0% used [0x00000000fc080000,0x00000000fc080000,0x00000000fd200000)
 ParOldGen       total 87552K, used 32160K [0x00000000c0000000, 0x00000000c5580000, 0x00000000eab00000)
  object space 87552K, 36% used [0x00000000c0000000,0x00000000c1f68198,0x00000000c5580000)
 Metaspace       used 7690K, capacity 8254K, committed 8448K, reserved 1056768K
  class space    used 712K, capacity 753K, committed 768K, reserved 1048576K
Event: 12.588 GC heap after
Heap after GC invocations=6 (full 0):
 PSYoungGen      total 283136K, used 15026K [0x00000000eab00000, 0x00000000fd400000, 0x0000000100000000)
  eden space 265216K, 0% used [0x00000000eab00000,0x00000000eab00000,0x00000000fae00000)
  from space 17920K, 83% used [0x00000000fc080000,0x00000000fcf2c8f0,0x00000000fd200000)
  to   space 18944K, 0% used [0x00000000fae00000,0x00000000fae00000,0x00000000fc080000)
 ParOldGen       total 87552K, used 32160K [0x00000000c0000000, 0x00000000c5580000, 0x00000000eab00000)
  object space 87552K, 36% used [0x00000000c0000000,0x00000000c1f68198,0x00000000c5580000)
 Metaspace       used 7690K, capacity 8254K, committed 8448K, reserved 1056768K
  class space    used 712K, capacity 753K, committed 768K, reserved 1048576K
}
Event: 13.628 GC heap before
{Heap before GC invocations=7 (full 0):
 PSYoungGen      total 283136K, used 280242K [0x00000000eab00000, 0x00000000fd400000, 0x0000000100000000)
  eden space 265216K, 100% used [0x00000000eab00000,0x00000000fae00000,0x00000000fae00000)
  from space 17920K, 83% used [0x00000000fc080000,0x00000000fcf2c8f0,0x00000000fd200000)
  to   space 18944K, 0% used [0x00000000fae00000,0x00000000fae00000,0x00000000fc080000)
 ParOldGen       total 87552K, used 32160K [0x00000000c0000000, 0x00000000c5580000, 0x00000000eab00000)
  object space 87552K, 36% used [0x00000000c0000000,0x00000000c1f68198,0x00000000c5580000)
 Metaspace       used 7700K, capacity 8254K, committed 8448K, reserved 1056768K
  class space    used 712K, capacity 753K, committed 768K, reserved 1048576K
Event: 13.662 GC heap after
Heap after GC invocations=7 (full 0):
 PSYoungGen      total 284160K, used 15790K [0x00000000eab00000, 0x0000000100000000, 0x0000000100000000)
  eden space 265216K, 0% used [0x00000000eab00000,0x00000000eab00000,0x00000000fae00000)
  from space 18944K, 83% used [0x00000000fae00000,0x00000000fbd6b8a8,0x00000000fc080000)
  to   space 19968K, 0% used [0x00000000fec80000,0x00000000fec80000,0x0000000100000000)
 ParOldGen       total 87552K, used 38561K [0x00000000c0000000, 0x00000000c5580000, 0x00000000eab00000)
  object space 87552K, 44% used [0x00000000c0000000,0x00000000c25a8430,0x00000000c5580000)
 Metaspace       used 7700K, capacity 8254K, committed 8448K, reserved 1056768K
  class space    used 712K, capacity 753K, committed 768K, reserved 1048576K
}

